#
# There is insufficient memory for the Java Runtime Environment to continue.
# Native memory allocation (malloc) failed to allocate 1183088 bytes for Chunk::new
# Possible reasons:
#   The system is out of physical RAM or swap space
#   The process is running with CompressedOops enabled, and the Java Heap may be blocking the growth of the native heap
# Possible solutions:
#   Reduce memory load on the system
#   Increase physical memory or swap space
#   Check if swap backing store is full
#   Decrease Java heap size (-Xmx/-Xms)
#   Decrease number of Java threads
#   Decrease Java thread stack sizes (-Xss)
#   Set larger code cache with -XX:ReservedCodeCacheSize=
#   JVM is running with Unscaled Compressed Oops mode in which the Java heap is
#     placed in the first 4GB address space. The Java Heap base address is the
#     maximum limit for the native heap growth. Please use -XX:HeapBaseMinAddress
#     to set the Java Heap base and to place the Java Heap above 4GB virtual address.
# This output file may be truncated or incomplete.
#
#  Out of Memory Error (arena.cpp:189), pid=26140, tid=32436
#
# JRE version: OpenJDK Runtime Environment Temurin-17.0.4+8 (17.0.4+8) (build 17.0.4+8)
# Java VM: OpenJDK 64-Bit Server VM Temurin-17.0.4+8 (17.0.4+8, mixed mode, tiered, compressed oops, compressed class ptrs, g1 gc, windows-amd64)
# No core dump will be written. Minidumps are not enabled by default on client versions of Windows
#

---------------  S U M M A R Y ------------

Command Line: -Dfile.encoding=UTF-8 -XX:+ShowCodeDetailsInExceptionMessages com.student.app.StudentServiceApplication

Host: Intel(R) Xeon(R) Platinum 8272CL CPU @ 2.60GHz, 2 cores, 7G,  Windows 10 , 64 bit Build 19041 (10.0.19041.1889)
Time: Mon Sep 19 05:57:08 2022 Coordinated Universal Time elapsed time: 257150.840845 seconds (2d 23h 25m 50s)

---------------  T H R E A D  ---------------

Current thread (0x000001bb49e85240):  JavaThread "C2 CompilerThread0" daemon [_thread_in_native, id=32436, stack(0x000000a799b00000,0x000000a799c00000)]


Current CompileTask:
C2:257150840 4725 %     4       org.springframework.util.ReflectionUtils::findMethod @ 51 (109 bytes)

Stack: [0x000000a799b00000,0x000000a799c00000]
Native frames: (J=compiled Java code, j=interpreted, Vv=VM code, C=native code)
V  [jvm.dll+0x67733a]
V  [jvm.dll+0x8323c4]
V  [jvm.dll+0x833b6e]
V  [jvm.dll+0x8341d3]
V  [jvm.dll+0x2455e5]
V  [jvm.dll+0xabd7b]
V  [jvm.dll+0xac30c]
V  [jvm.dll+0x363a77]
V  [jvm.dll+0x32de81]
V  [jvm.dll+0x32d32a]
V  [jvm.dll+0x2184d1]
V  [jvm.dll+0x2178f1]
V  [jvm.dll+0x1a3f8d]
V  [jvm.dll+0x227308]
V  [jvm.dll+0x225455]
V  [jvm.dll+0x7e7eeb]
V  [jvm.dll+0x7e245a]
V  [jvm.dll+0x6761c5]
C  [ucrtbase.dll+0x21bb2]
C  [KERNEL32.DLL+0x17034]
C  [ntdll.dll+0x526a1]


---------------  P R O C E S S  ---------------

Threads class SMR info:
_java_thread_list=0x000001bb4e030de0, length=15, elements={
0x000001bb49e3a0a0, 0x000001bb49e3af20, 0x000001bb49e3ffb0, 0x000001bb49e83420,
0x000001bb49e83ce0, 0x000001bb49e845a0, 0x000001bb49e85240, 0x000001bb49e9e710,
0x000001bb4a870770, 0x000001bb4a982040, 0x000001bb4a992540, 0x000001bb4afbaa00,
0x000001bb4cacdf10, 0x000001bb4cace8b0, 0x000001bb4cacaa20
}

Java Threads: ( => current thread )
  0x000001bb49e3a0a0 JavaThread "Reference Handler" daemon [_thread_blocked, id=30060, stack(0x000000a799500000,0x000000a799600000)]
  0x000001bb49e3af20 JavaThread "Finalizer" daemon [_thread_blocked, id=31200, stack(0x000000a799600000,0x000000a799700000)]
  0x000001bb49e3ffb0 JavaThread "Signal Dispatcher" daemon [_thread_blocked, id=32444, stack(0x000000a799700000,0x000000a799800000)]
  0x000001bb49e83420 JavaThread "Attach Listener" daemon [_thread_blocked, id=33100, stack(0x000000a799800000,0x000000a799900000)]
  0x000001bb49e83ce0 JavaThread "Service Thread" daemon [_thread_blocked, id=32156, stack(0x000000a799900000,0x000000a799a00000)]
  0x000001bb49e845a0 JavaThread "Monitor Deflation Thread" daemon [_thread_blocked, id=33356, stack(0x000000a799a00000,0x000000a799b00000)]
=>0x000001bb49e85240 JavaThread "C2 CompilerThread0" daemon [_thread_in_native, id=32436, stack(0x000000a799b00000,0x000000a799c00000)]
  0x000001bb49e9e710 JavaThread "C1 CompilerThread0" daemon [_thread_blocked, id=32532, stack(0x000000a799c00000,0x000000a799d00000)]
  0x000001bb4a870770 JavaThread "Sweeper thread" daemon [_thread_blocked, id=31224, stack(0x000000a799d00000,0x000000a799e00000)]
  0x000001bb4a982040 JavaThread "Notification Thread" daemon [_thread_blocked, id=33796, stack(0x000000a799e00000,0x000000a799f00000)]
  0x000001bb4a992540 JavaThread "Common-Cleaner" daemon [_thread_blocked, id=33816, stack(0x000000a79a000000,0x000000a79a100000)]
  0x000001bb4afbaa00 JavaThread "Live Reload Server" daemon [_thread_in_native, id=34340, stack(0x000000a79aa00000,0x000000a79ab00000)]
  0x000001bb4cacdf10 JavaThread "DestroyJavaVM" [_thread_blocked, id=31756, stack(0x000000a798e00000,0x000000a798f00000)]
  0x000001bb4cace8b0 JavaThread "Thread-7" [_thread_blocked, id=9072, stack(0x000000a79b500000,0x000000a79b600000)]
  0x000001bb4cacaa20 JavaThread "restartedMain" [_thread_in_native, id=24388, stack(0x000000a79a500000,0x000000a79a600000)]

Other Threads:
  0x000001bb49e55730 VMThread "VM Thread" [stack: 0x000000a799400000,0x000000a799500000] [id=31392]
  0x000001bb4a982510 WatcherThread [stack: 0x000000a799f00000,0x000000a79a000000] [id=33800]
  0x000001bb2ebcfc10 GCTaskThread "GC Thread#0" [stack: 0x000000a798f00000,0x000000a799000000] [id=32000]
  0x000001bb4ab587f0 GCTaskThread "GC Thread#1" [stack: 0x000000a79a100000,0x000000a79a200000] [id=33924]
  0x000001bb2ebe1a70 ConcurrentGCThread "G1 Main Marker" [stack: 0x000000a799000000,0x000000a799100000] [id=28084]
  0x000001bb2ebe33a0 ConcurrentGCThread "G1 Conc#0" [stack: 0x000000a799100000,0x000000a799200000] [id=31080]
  0x000001bb49cb0090 ConcurrentGCThread "G1 Refine#0" [stack: 0x000000a799200000,0x000000a799300000] [id=30104]
  0x000001bb4ab58aa0 ConcurrentGCThread "G1 Refine#1" [stack: 0x000000a79a200000,0x000000a79a300000] [id=33928]
  0x000001bb49cb12a0 ConcurrentGCThread "G1 Service" [stack: 0x000000a799300000,0x000000a799400000] [id=29844]

Threads with active compile tasks:
C2 CompilerThread0  257150858 4725 %     4       org.springframework.util.ReflectionUtils::findMethod @ 51 (109 bytes)

VM state: not at safepoint (normal execution)

VM Mutex/Monitor currently owned by a thread: None

Heap address: 0x0000000080000000, size: 2048 MB, Compressed Oops mode: 32-bit

CDS archive(s) not mapped
Compressed class space mapped at: 0x0000000100000000-0x0000000140000000, reserved size: 1073741824
Narrow klass base: 0x0000000000000000, Narrow klass shift: 3, Narrow klass range: 0x140000000

GC Precious Log:
 CPUs: 2 total, 2 available
 Memory: 8190M
 Large Page Support: Disabled
 NUMA Support: Disabled
 Compressed Oops: Enabled (32-bit)
 Heap Region Size: 1M
 Heap Min Capacity: 8M
 Heap Initial Capacity: 128M
 Heap Max Capacity: 2G
 Pre-touch: Disabled
 Parallel Workers: 2
 Concurrent Workers: 1
 Concurrent Refinement Workers: 2
 Periodic GC: Disabled

Heap:
 garbage-first heap   total 34816K, used 13732K [0x0000000080000000, 0x0000000100000000)
  region size 1024K, 4 young (4096K), 2 survivors (2048K)
 Metaspace       used 39167K, committed 39488K, reserved 1089536K
  class space    used 4465K, committed 4608K, reserved 1048576K

Heap Regions: E=young(eden), S=young(survivor), O=old, HS=humongous(starts), HC=humongous(continues), CS=collection set, F=free, OA=open archive, CA=closed archive, TAMS=top-at-mark-start (previous, next)
|   0|0x0000000080000000, 0x0000000080100000, 0x0000000080100000|100%| O|  |TAMS 0x0000000080100000, 0x0000000080000000| Untracked 
|   1|0x0000000080100000, 0x0000000080200000, 0x0000000080200000|100%| O|  |TAMS 0x0000000080200000, 0x0000000080100000| Untracked 
|   2|0x0000000080200000, 0x00000000802fffb8, 0x0000000080300000| 99%| O|  |TAMS 0x00000000802fffb8, 0x0000000080200000| Untracked 
|   3|0x0000000080300000, 0x00000000803ffff0, 0x0000000080400000| 99%| O|  |TAMS 0x0000000080300000, 0x0000000080300000| Untracked 
|   4|0x0000000080400000, 0x00000000804fffc8, 0x0000000080500000| 99%| O|  |TAMS 0x00000000804fffc8, 0x0000000080400000| Untracked 
|   5|0x0000000080500000, 0x00000000805fffe8, 0x0000000080600000| 99%| O|  |TAMS 0x0000000080500000, 0x0000000080500000| Untracked 
|   6|0x0000000080600000, 0x00000000806fffd8, 0x0000000080700000| 99%| O|  |TAMS 0x0000000080600000, 0x0000000080600000| Untracked 
|   7|0x0000000080700000, 0x00000000807fffe0, 0x0000000080800000| 99%| O|  |TAMS 0x00000000807fffe0, 0x0000000080700000| Untracked 
|   8|0x0000000080800000, 0x00000000808ffff8, 0x0000000080900000| 99%| O|  |TAMS 0x0000000080800000, 0x0000000080800000| Untracked 
|   9|0x0000000080900000, 0x00000000809ffff8, 0x0000000080a00000| 99%| O|  |TAMS 0x0000000080900000, 0x0000000080900000| Untracked 
|  10|0x0000000080a00000, 0x0000000080ae0058, 0x0000000080b00000| 87%| O|  |TAMS 0x0000000080a00000, 0x0000000080a00000| Untracked 
|  11|0x0000000080b00000, 0x0000000080b00000, 0x0000000080c00000|  0%| F|  |TAMS 0x0000000080b00000, 0x0000000080b00000| Untracked 
|  12|0x0000000080c00000, 0x0000000080c00000, 0x0000000080d00000|  0%| F|  |TAMS 0x0000000080c00000, 0x0000000080c00000| Untracked 
|  13|0x0000000080d00000, 0x0000000080d00000, 0x0000000080e00000|  0%| F|  |TAMS 0x0000000080d00000, 0x0000000080d00000| Untracked 
|  14|0x0000000080e00000, 0x0000000080e137e8, 0x0000000080f00000|  7%| O|  |TAMS 0x0000000080e00000, 0x0000000080e00000| Untracked 
|  15|0x0000000080f00000, 0x0000000080f00000, 0x0000000081000000|  0%| F|  |TAMS 0x0000000080f00000, 0x0000000080f00000| Untracked 
|  16|0x0000000081000000, 0x0000000081000000, 0x0000000081100000|  0%| F|  |TAMS 0x0000000081000000, 0x0000000081000000| Untracked 
|  17|0x0000000081100000, 0x0000000081175be8, 0x0000000081200000| 45%| S|CS|TAMS 0x0000000081100000, 0x0000000081100000| Complete 
|  18|0x0000000081200000, 0x0000000081300000, 0x0000000081300000|100%| S|CS|TAMS 0x0000000081200000, 0x0000000081200000| Complete 
|  19|0x0000000081300000, 0x0000000081300000, 0x0000000081400000|  0%| F|  |TAMS 0x0000000081300000, 0x0000000081300000| Untracked 
|  20|0x0000000081400000, 0x0000000081400000, 0x0000000081500000|  0%| F|  |TAMS 0x0000000081400000, 0x0000000081400000| Untracked 
|  21|0x0000000081500000, 0x0000000081500000, 0x0000000081600000|  0%| F|  |TAMS 0x0000000081500000, 0x0000000081500000| Untracked 
|  22|0x0000000081600000, 0x0000000081600000, 0x0000000081700000|  0%| F|  |TAMS 0x0000000081600000, 0x0000000081600000| Untracked 
|  23|0x0000000081700000, 0x0000000081700000, 0x0000000081800000|  0%| F|  |TAMS 0x0000000081700000, 0x0000000081700000| Untracked 
|  24|0x0000000081800000, 0x0000000081800000, 0x0000000081900000|  0%| F|  |TAMS 0x0000000081800000, 0x0000000081800000| Untracked 
|  25|0x0000000081900000, 0x0000000081900000, 0x0000000081a00000|  0%| F|  |TAMS 0x0000000081900000, 0x0000000081900000| Untracked 
|  26|0x0000000081a00000, 0x0000000081a00000, 0x0000000081b00000|  0%| F|  |TAMS 0x0000000081a00000, 0x0000000081a00000| Untracked 
|  27|0x0000000081b00000, 0x0000000081b00000, 0x0000000081c00000|  0%| F|  |TAMS 0x0000000081b00000, 0x0000000081b00000| Untracked 
|  28|0x0000000081c00000, 0x0000000081c00000, 0x0000000081d00000|  0%| F|  |TAMS 0x0000000081c00000, 0x0000000081c00000| Untracked 
|  29|0x0000000081d00000, 0x0000000081d00000, 0x0000000081e00000|  0%| F|  |TAMS 0x0000000081d00000, 0x0000000081d00000| Untracked 
|  30|0x0000000081e00000, 0x0000000081e00000, 0x0000000081f00000|  0%| F|  |TAMS 0x0000000081e00000, 0x0000000081e00000| Untracked 
|  31|0x0000000081f00000, 0x0000000081f00000, 0x0000000082000000|  0%| F|  |TAMS 0x0000000081f00000, 0x0000000081f00000| Untracked 
|  32|0x0000000082000000, 0x0000000082084410, 0x0000000082100000| 51%| E|  |TAMS 0x0000000082000000, 0x0000000082000000| Complete 
|  33|0x0000000082100000, 0x0000000082200000, 0x0000000082200000|100%| E|CS|TAMS 0x0000000082100000, 0x0000000082100000| Complete 

Card table byte_map: [0x000001bb43230000,0x000001bb43630000] _byte_map_base: 0x000001bb42e30000

Marking Bits (Prev, Next): (CMBitMap*) 0x000001bb2ebd1140, (CMBitMap*) 0x000001bb2ebd1180
 Prev Bits: [0x000001bb43a30000, 0x000001bb45a30000)
 Next Bits: [0x000001bb45a30000, 0x000001bb47a30000)

Polling page: 0x000001bb2ea10000

Metaspace:

Usage:
  Non-class:     33.89 MB used.
      Class:      4.36 MB used.
       Both:     38.25 MB used.

Virtual space:
  Non-class space:       40.00 MB reserved,      34.06 MB ( 85%) committed,  5 nodes.
      Class space:        1.00 GB reserved,       4.50 MB ( <1%) committed,  1 nodes.
             Both:        1.04 GB reserved,      38.56 MB (  4%) committed. 

Chunk freelists:
   Non-Class:  1.83 MB
       Class:  3.33 MB
        Both:  5.15 MB

MaxMetaspaceSize: unlimited
CompressedClassSpaceSize: 1.00 GB
Initial GC threshold: 21.00 MB
Current GC threshold: 64.06 MB
CDS: off
MetaspaceReclaimPolicy: balanced
 - commit_granule_bytes: 65536.
 - commit_granule_words: 8192.
 - virtual_space_node_default_size: 1048576.
 - enlarge_chunks_in_place: 1.
 - new_chunks_are_fully_committed: 0.
 - uncommit_free_chunks: 1.
 - use_allocation_guard: 0.
 - handle_deallocations: 1.


Internal statistics:

num_allocs_failed_limit: 6.
num_arena_births: 418.
num_arena_deaths: 50.
num_vsnodes_births: 6.
num_vsnodes_deaths: 0.
num_space_committed: 617.
num_space_uncommitted: 0.
num_chunks_returned_to_freelist: 63.
num_chunks_taken_from_freelist: 1540.
num_chunk_merges: 14.
num_chunk_splits: 976.
num_chunks_enlarged: 695.
num_purges: 4.
num_inconsistent_stats: 0.

CodeHeap 'non-profiled nmethods': size=120064Kb used=2662Kb max_used=2902Kb free=117401Kb
 bounds [0x000001bb3b4f0000, 0x000001bb3b7d0000, 0x000001bb42a30000]
CodeHeap 'profiled nmethods': size=120000Kb used=9473Kb max_used=10743Kb free=110526Kb
 bounds [0x000001bb33fc0000, 0x000001bb34a40000, 0x000001bb3b4f0000]
CodeHeap 'non-nmethods': size=5696Kb used=1220Kb max_used=1289Kb free=4475Kb
 bounds [0x000001bb33a30000, 0x000001bb33ca0000, 0x000001bb33fc0000]
 total_blobs=4860 nmethods=4348 adapters=423
 compilation: enabled
              stopped_count=0, restarted_count=0
 full_count=0

Compilation events (20 events):
Event: 257150.738 Thread 0x000001bb49e9e710 4763       3       org.springframework.core.convert.support.GenericConversionService$ConverterCacheKey::equals (55 bytes)
Event: 257150.738 Thread 0x000001bb49e9e710 nmethod 4763 0x000001bb34a3cc10 code [0x000001bb34a3cde0, 0x000001bb34a3d3b8]
Event: 257150.739 Thread 0x000001bb49e9e710 4764       3       org.springframework.core.convert.TypeDescriptor::isArray (8 bytes)
Event: 257150.739 Thread 0x000001bb49e9e710 nmethod 4764 0x000001bb34a3d510 code [0x000001bb34a3d6c0, 0x000001bb34a3d888]
Event: 257150.743 Thread 0x000001bb49e85240 nmethod 4723 0x000001bb3b7c3090 code [0x000001bb3b7c3320, 0x000001bb3b7c4a58]
Event: 257150.743 Thread 0x000001bb49e85240 4725 %     4       org.springframework.util.ReflectionUtils::findMethod @ 51 (109 bytes)
Event: 257150.769 Thread 0x000001bb49e9e710 4765       3       java.lang.reflect.Field::hashCode (19 bytes)
Event: 257150.769 Thread 0x000001bb49e9e710 nmethod 4765 0x000001bb34a3d990 code [0x000001bb34a3db60, 0x000001bb34a3de08]
Event: 257150.790 Thread 0x000001bb49e9e710 4767       3       java.nio.HeapCharBuffer::<init> (21 bytes)
Event: 257150.790 Thread 0x000001bb49e9e710 nmethod 4767 0x000001bb34029490 code [0x000001bb34029640, 0x000001bb34029868]
Event: 257150.792 Thread 0x000001bb49e9e710 4768       3       java.util.StringTokenizer::hasMoreElements (5 bytes)
Event: 257150.792 Thread 0x000001bb49e9e710 nmethod 4768 0x000001bb33fc4110 code [0x000001bb33fc42c0, 0x000001bb33fc44e8]
Event: 257150.796 Thread 0x000001bb49e9e710 4769       3       java.lang.CompoundEnumeration::hasMoreElements (5 bytes)
Event: 257150.796 Thread 0x000001bb49e9e710 nmethod 4769 0x000001bb34008390 code [0x000001bb34008520, 0x000001bb34008668]
Event: 257150.798 Thread 0x000001bb49e9e710 4770   !   3       java.nio.charset.Charset::defaultCharset (53 bytes)
Event: 257150.799 Thread 0x000001bb49e9e710 nmethod 4770 0x000001bb33fd7d90 code [0x000001bb33fd8060, 0x000001bb33fd8eb8]
Event: 257150.799 Thread 0x000001bb49e9e710 4771       3       sun.nio.fs.WindowsPath::toWindowsPath (32 bytes)
Event: 257150.800 Thread 0x000001bb49e9e710 nmethod 4771 0x000001bb33fdd690 code [0x000001bb33fdd860, 0x000001bb33fddcd8]
Event: 257150.802 Thread 0x000001bb49e9e710 4772       3       ch.qos.logback.core.pattern.DynamicConverter::getFirstOption (35 bytes)
Event: 257150.802 Thread 0x000001bb49e9e710 nmethod 4772 0x000001bb33ff1d10 code [0x000001bb33ff1ee0, 0x000001bb33ff22f8]

GC Heap History (20 events):
Event: 246315.094 GC heap before
{Heap before GC invocations=132 (full 0):
 garbage-first heap   total 45056K, used 37706K [0x0000000080000000, 0x0000000100000000)
  region size 1024K, 25 young (25600K), 1 survivors (1024K)
 Metaspace       used 38345K, committed 38656K, reserved 1089536K
  class space    used 4425K, committed 4544K, reserved 1048576K
}
Event: 246315.095 GC heap after
{Heap after GC invocations=133 (full 0):
 garbage-first heap   total 45056K, used 13130K [0x0000000080000000, 0x0000000100000000)
  region size 1024K, 1 young (1024K), 1 survivors (1024K)
 Metaspace       used 38345K, committed 38656K, reserved 1089536K
  class space    used 4425K, committed 4544K, reserved 1048576K
}
Event: 248348.928 GC heap before
{Heap before GC invocations=133 (full 0):
 garbage-first heap   total 45056K, used 37706K [0x0000000080000000, 0x0000000100000000)
  region size 1024K, 25 young (25600K), 1 survivors (1024K)
 Metaspace       used 38345K, committed 38656K, reserved 1089536K
  class space    used 4425K, committed 4544K, reserved 1048576K
}
Event: 248348.930 GC heap after
{Heap after GC invocations=134 (full 0):
 garbage-first heap   total 45056K, used 13128K [0x0000000080000000, 0x0000000100000000)
  region size 1024K, 1 young (1024K), 1 survivors (1024K)
 Metaspace       used 38345K, committed 38656K, reserved 1089536K
  class space    used 4425K, committed 4544K, reserved 1048576K
}
Event: 250392.245 GC heap before
{Heap before GC invocations=134 (full 0):
 garbage-first heap   total 45056K, used 37704K [0x0000000080000000, 0x0000000100000000)
  region size 1024K, 25 young (25600K), 1 survivors (1024K)
 Metaspace       used 38345K, committed 38656K, reserved 1089536K
  class space    used 4425K, committed 4544K, reserved 1048576K
}
Event: 250392.246 GC heap after
{Heap after GC invocations=135 (full 0):
 garbage-first heap   total 45056K, used 13130K [0x0000000080000000, 0x0000000100000000)
  region size 1024K, 1 young (1024K), 1 survivors (1024K)
 Metaspace       used 38345K, committed 38656K, reserved 1089536K
  class space    used 4425K, committed 4544K, reserved 1048576K
}
Event: 252422.808 GC heap before
{Heap before GC invocations=135 (full 0):
 garbage-first heap   total 45056K, used 37706K [0x0000000080000000, 0x0000000100000000)
  region size 1024K, 25 young (25600K), 1 survivors (1024K)
 Metaspace       used 38345K, committed 38656K, reserved 1089536K
  class space    used 4425K, committed 4544K, reserved 1048576K
}
Event: 252422.810 GC heap after
{Heap after GC invocations=136 (full 0):
 garbage-first heap   total 45056K, used 13130K [0x0000000080000000, 0x0000000100000000)
  region size 1024K, 1 young (1024K), 1 survivors (1024K)
 Metaspace       used 38345K, committed 38656K, reserved 1089536K
  class space    used 4425K, committed 4544K, reserved 1048576K
}
Event: 254448.346 GC heap before
{Heap before GC invocations=136 (full 0):
 garbage-first heap   total 45056K, used 37706K [0x0000000080000000, 0x0000000100000000)
  region size 1024K, 25 young (25600K), 1 survivors (1024K)
 Metaspace       used 38345K, committed 38656K, reserved 1089536K
  class space    used 4425K, committed 4544K, reserved 1048576K
}
Event: 254448.348 GC heap after
{Heap after GC invocations=137 (full 0):
 garbage-first heap   total 45056K, used 13130K [0x0000000080000000, 0x0000000100000000)
  region size 1024K, 1 young (1024K), 1 survivors (1024K)
 Metaspace       used 38345K, committed 38656K, reserved 1089536K
  class space    used 4425K, committed 4544K, reserved 1048576K
}
Event: 256480.442 GC heap before
{Heap before GC invocations=137 (full 0):
 garbage-first heap   total 45056K, used 37706K [0x0000000080000000, 0x0000000100000000)
  region size 1024K, 25 young (25600K), 1 survivors (1024K)
 Metaspace       used 38345K, committed 38656K, reserved 1089536K
  class space    used 4425K, committed 4544K, reserved 1048576K
}
Event: 256480.443 GC heap after
{Heap after GC invocations=138 (full 0):
 garbage-first heap   total 45056K, used 13132K [0x0000000080000000, 0x0000000100000000)
  region size 1024K, 1 young (1024K), 1 survivors (1024K)
 Metaspace       used 38345K, committed 38656K, reserved 1089536K
  class space    used 4425K, committed 4544K, reserved 1048576K
}
Event: 257118.962 GC heap before
{Heap before GC invocations=138 (full 0):
 garbage-first heap   total 45056K, used 22348K [0x0000000080000000, 0x0000000100000000)
  region size 1024K, 11 young (11264K), 1 survivors (1024K)
 Metaspace       used 38498K, committed 38848K, reserved 1089536K
  class space    used 4449K, committed 4608K, reserved 1048576K
}
Event: 257119.095 GC heap after
{Heap after GC invocations=139 (full 1):
 garbage-first heap   total 34816K, used 9943K [0x0000000080000000, 0x0000000100000000)
  region size 1024K, 0 young (0K), 0 survivors (0K)
 Metaspace       used 38444K, committed 38848K, reserved 1089536K
  class space    used 4437K, committed 4608K, reserved 1048576K
}
Event: 257125.620 GC heap before
{Heap before GC invocations=139 (full 1):
 garbage-first heap   total 34816K, used 29399K [0x0000000080000000, 0x0000000100000000)
  region size 1024K, 19 young (19456K), 0 survivors (0K)
 Metaspace       used 38836K, committed 39168K, reserved 1089536K
  class space    used 4454K, committed 4608K, reserved 1048576K
}
Event: 257125.634 GC heap after
{Heap after GC invocations=140 (full 1):
 garbage-first heap   total 34816K, used 12135K [0x0000000080000000, 0x0000000100000000)
  region size 1024K, 3 young (3072K), 3 survivors (3072K)
 Metaspace       used 38836K, committed 39168K, reserved 1089536K
  class space    used 4454K, committed 4608K, reserved 1048576K
}
Event: 257150.331 GC heap before
{Heap before GC invocations=140 (full 1):
 garbage-first heap   total 34816K, used 18279K [0x0000000080000000, 0x0000000100000000)
  region size 1024K, 10 young (10240K), 3 survivors (3072K)
 Metaspace       used 39009K, committed 39360K, reserved 1089536K
  class space    used 4459K, committed 4608K, reserved 1048576K
}
Event: 257150.380 GC heap after
{Heap after GC invocations=141 (full 2):
 garbage-first heap   total 34816K, used 11213K [0x0000000080000000, 0x0000000100000000)
  region size 1024K, 0 young (0K), 0 survivors (0K)
 Metaspace       used 39007K, committed 39360K, reserved 1089536K
  class space    used 4459K, committed 4608K, reserved 1048576K
}
Event: 257150.763 GC heap before
{Heap before GC invocations=141 (full 2):
 garbage-first heap   total 34816K, used 26573K [0x0000000080000000, 0x0000000100000000)
  region size 1024K, 15 young (15360K), 0 survivors (0K)
 Metaspace       used 39162K, committed 39488K, reserved 1089536K
  class space    used 4465K, committed 4608K, reserved 1048576K
}
Event: 257150.767 GC heap after
{Heap after GC invocations=142 (full 2):
 garbage-first heap   total 34816K, used 12708K [0x0000000080000000, 0x0000000100000000)
  region size 1024K, 2 young (2048K), 2 survivors (2048K)
 Metaspace       used 39162K, committed 39488K, reserved 1089536K
  class space    used 4465K, committed 4608K, reserved 1048576K
}

Deoptimization events (20 events):
Event: 257150.530 Thread 0x000001bb4cacaa20 Uncommon trap: trap_request=0xffffffdc fr.pc=0x000001bb3b7b54d8 relative=0x0000000000000238
Event: 257150.530 Thread 0x000001bb4cacaa20 Uncommon trap: reason=class_check action=make_not_entrant pc=0x000001bb3b7b54d8 method=java.util.ArrayList.toArray([Ljava/lang/Object;)[Ljava/lang/Object; @ 21 c2
Event: 257150.530 Thread 0x000001bb4cacaa20 DEOPT PACKING pc=0x000001bb3b7b54d8 sp=0x000000a79a5fceb0
Event: 257150.530 Thread 0x000001bb4cacaa20 DEOPT UNPACKING pc=0x000001bb33a85c23 sp=0x000000a79a5fce60 mode 2
Event: 257150.539 Thread 0x000001bb4cacaa20 Uncommon trap: trap_request=0xffffffcc fr.pc=0x000001bb3b7b5e28 relative=0x0000000000000388
Event: 257150.539 Thread 0x000001bb4cacaa20 Uncommon trap: reason=intrinsic_or_type_checked_inlining action=make_not_entrant pc=0x000001bb3b7b5e28 method=java.util.ArrayList.toArray([Ljava/lang/Object;)[Ljava/lang/Object; @ 36 c2
Event: 257150.539 Thread 0x000001bb4cacaa20 DEOPT PACKING pc=0x000001bb3b7b5e28 sp=0x000000a79a5fd2e0
Event: 257150.539 Thread 0x000001bb4cacaa20 DEOPT UNPACKING pc=0x000001bb33a85c23 sp=0x000000a79a5fd2b0 mode 2
Event: 257150.688 Thread 0x000001bb4cacaa20 Uncommon trap: trap_request=0xfffffff4 fr.pc=0x000001bb3b78f098 relative=0x00000000000033d8
Event: 257150.688 Thread 0x000001bb4cacaa20 Uncommon trap: reason=null_check action=make_not_entrant pc=0x000001bb3b78f098 method=java.lang.Class.getMethodsRecursive(Ljava/lang/String;[Ljava/lang/Class;Z)Ljava/lang/PublicMethods$MethodList; @ 26 c2
Event: 257150.689 Thread 0x000001bb4cacaa20 DEOPT PACKING pc=0x000001bb3b78f098 sp=0x000000a79a5fcd50
Event: 257150.689 Thread 0x000001bb4cacaa20 DEOPT UNPACKING pc=0x000001bb33a85c23 sp=0x000000a79a5fcd28 mode 2
Event: 257150.709 Thread 0x000001bb4cacaa20 Uncommon trap: trap_request=0xffffffbe fr.pc=0x000001bb3b7ae288 relative=0x00000000000002e8
Event: 257150.709 Thread 0x000001bb4cacaa20 Uncommon trap: reason=profile_predicate action=maybe_recompile pc=0x000001bb3b7ae288 method=org.springframework.boot.context.properties.source.ConfigurationPropertyName$Elements.canShortcutWithSource(Lorg/springframework/boot/context/properties/source/Con
Event: 257150.709 Thread 0x000001bb4cacaa20 DEOPT PACKING pc=0x000001bb3b7ae288 sp=0x000000a79a5fb560
Event: 257150.709 Thread 0x000001bb4cacaa20 DEOPT UNPACKING pc=0x000001bb33a85c23 sp=0x000000a79a5fb3e8 mode 2
Event: 257150.709 Thread 0x000001bb4cacaa20 Uncommon trap: trap_request=0xffffffbe fr.pc=0x000001bb3b7ae288 relative=0x00000000000002e8
Event: 257150.709 Thread 0x000001bb4cacaa20 Uncommon trap: reason=profile_predicate action=maybe_recompile pc=0x000001bb3b7ae288 method=org.springframework.boot.context.properties.source.ConfigurationPropertyName$Elements.canShortcutWithSource(Lorg/springframework/boot/context/properties/source/Con
Event: 257150.709 Thread 0x000001bb4cacaa20 DEOPT PACKING pc=0x000001bb3b7ae288 sp=0x000000a79a5fb560
Event: 257150.709 Thread 0x000001bb4cacaa20 DEOPT UNPACKING pc=0x000001bb33a85c23 sp=0x000000a79a5fb3e8 mode 2

Classes unloaded (20 events):
Event: 257118.989 Thread 0x000001bb49e55730 Unloading class 0x00000001002cc800 'jdk/internal/reflect/GeneratedConstructorAccessor8'
Event: 257118.989 Thread 0x000001bb49e55730 Unloading class 0x00000001002b9000 'jdk/internal/reflect/GeneratedConstructorAccessor7'
Event: 257118.989 Thread 0x000001bb49e55730 Unloading class 0x00000001002b8c00 'jdk/internal/reflect/GeneratedConstructorAccessor6'
Event: 257118.989 Thread 0x000001bb49e55730 Unloading class 0x00000001002b0800 'jdk/internal/reflect/GeneratedConstructorAccessor5'
Event: 257118.989 Thread 0x000001bb49e55730 Unloading class 0x0000000100288400 'java/lang/invoke/LambdaForm$DMH+0x0000000100288400'
Event: 257118.989 Thread 0x000001bb49e55730 Unloading class 0x00000001001d2800 'java/lang/invoke/LambdaForm$MH+0x00000001001d2800'
Event: 257118.989 Thread 0x000001bb49e55730 Unloading class 0x00000001001d2400 'java/lang/invoke/LambdaForm$MH+0x00000001001d2400'
Event: 257118.989 Thread 0x000001bb49e55730 Unloading class 0x00000001001d2000 'java/lang/invoke/LambdaForm$MH+0x00000001001d2000'
Event: 257118.989 Thread 0x000001bb49e55730 Unloading class 0x00000001001d1c00 'java/lang/invoke/LambdaForm$MH+0x00000001001d1c00'
Event: 257118.989 Thread 0x000001bb49e55730 Unloading class 0x00000001001d1400 'java/lang/invoke/LambdaForm$MH+0x00000001001d1400'
Event: 257118.989 Thread 0x000001bb49e55730 Unloading class 0x00000001001d1000 'java/lang/invoke/LambdaForm$MH+0x00000001001d1000'
Event: 257118.989 Thread 0x000001bb49e55730 Unloading class 0x00000001001d0c00 'java/lang/invoke/LambdaForm$MH+0x00000001001d0c00'
Event: 257118.989 Thread 0x000001bb49e55730 Unloading class 0x00000001001d0800 'java/lang/invoke/LambdaForm$MH+0x00000001001d0800'
Event: 257118.989 Thread 0x000001bb49e55730 Unloading class 0x00000001001a9400 'java/lang/invoke/LambdaForm$MH+0x00000001001a9400'
Event: 257118.989 Thread 0x000001bb49e55730 Unloading class 0x00000001001a8c00 'java/lang/invoke/LambdaForm$MH+0x00000001001a8c00'
Event: 257118.989 Thread 0x000001bb49e55730 Unloading class 0x00000001001a8800 'java/lang/invoke/LambdaForm$MH+0x00000001001a8800'
Event: 257118.989 Thread 0x000001bb49e55730 Unloading class 0x00000001001a8400 'java/lang/invoke/LambdaForm$MH+0x00000001001a8400'
Event: 257118.989 Thread 0x000001bb49e55730 Unloading class 0x00000001001a5c00 'java/lang/invoke/LambdaForm$MH+0x00000001001a5c00'
Event: 257118.989 Thread 0x000001bb49e55730 Unloading class 0x00000001001a5400 'java/lang/invoke/LambdaForm$MH+0x00000001001a5400'
Event: 257150.347 Thread 0x000001bb49e55730 Unloading class 0x00000001004a4000 'org/apache/catalina/loader/JdbcLeakPrevention'

Classes redefined (0 events):
No events

Internal exceptions (20 events):
Event: 257118.946 Thread 0x000001bb4e2c0010 Exception <a 'java/lang/InterruptedException'{0x00000000823e8a50}: sleep interrupted> (0x00000000823e8a50) 
thrown [s\src\hotspot\share\prims\jvm.cpp, line 3070]
Event: 257118.954 Thread 0x000001bb4cacb890 Exception <a 'java/lang/NoSuchMethodError'{0x0000000082201d30}: 'void java.lang.invoke.DirectMethodHandle$Holder.invokeInterface(java.lang.Object, java.lang.Object)'> (0x0000000082201d30) 
thrown [s\src\hotspot\share\interpreter\linkResolver.cpp, line 759]
Event: 257118.959 Thread 0x000001bb4cacb890 Implicit null exception at 0x000001bb3b657bc0 to 0x000001bb3b65832c
Event: 257119.225 Thread 0x000001bb4caccbd0 Exception <a 'sun/nio/fs/WindowsException'{0x000000008217caa0}> (0x000000008217caa0) 
thrown [s\src\hotspot\share\prims\jni.cpp, line 516]
Event: 257120.767 Thread 0x000001bb4caccbd0 Exception <a 'java/lang/NoClassDefFoundError'{0x000000008134f698}: org/flywaydb/core/Flyway> (0x000000008134f698) 
thrown [s\src\hotspot\share\oops\constantPool.cpp, line 835]
Event: 257120.768 Thread 0x000001bb4caccbd0 Exception <a 'java/lang/NoClassDefFoundError'{0x000000008134fce8}: liquibase/integration/spring/SpringLiquibase> (0x000000008134fce8) 
thrown [s\src\hotspot\share\oops\constantPool.cpp, line 835]
Event: 257120.888 Thread 0x000001bb4caccbd0 Implicit null exception at 0x000001bb3b6e38a0 to 0x000001bb3b6e3f44
Event: 257120.995 Thread 0x000001bb4caccbd0 Exception <a 'sun/nio/fs/WindowsException'{0x00000000810e48f0}> (0x00000000810e48f0) 
thrown [s\src\hotspot\share\prims\jni.cpp, line 516]
Event: 257121.272 Thread 0x000001bb4caccbd0 Exception <a 'sun/nio/fs/WindowsException'{0x00000000810e4f58}> (0x00000000810e4f58) 
thrown [s\src\hotspot\share\prims\jni.cpp, line 516]
Event: 257121.272 Thread 0x000001bb4caccbd0 Exception <a 'sun/nio/fs/WindowsException'{0x00000000810e5630}> (0x00000000810e5630) 
thrown [s\src\hotspot\share\prims\jni.cpp, line 516]
Event: 257121.362 Thread 0x000001bb4caccbd0 Exception <a 'java/io/FileNotFoundException'{0x0000000080f0b0b8}> (0x0000000080f0b0b8) 
thrown [s\src\hotspot\share\prims\jni.cpp, line 516]
Event: 257121.393 Thread 0x000001bb4caccbd0 Exception <a 'java/io/FileNotFoundException'{0x0000000080fb57a0}> (0x0000000080fb57a0) 
thrown [s\src\hotspot\share\prims\jni.cpp, line 516]
Event: 257150.329 Thread 0x000001bb4cac7530 Exception <a 'java/lang/InterruptedException'{0x0000000081ba7ef8}: sleep interrupted> (0x0000000081ba7ef8) 
thrown [s\src\hotspot\share\prims\jvm.cpp, line 3070]
Event: 257150.393 Thread 0x000001bb4cacaa20 Exception <a 'sun/nio/fs/WindowsException'{0x0000000082178f60}> (0x0000000082178f60) 
thrown [s\src\hotspot\share\prims\jni.cpp, line 516]
Event: 257150.679 Thread 0x000001bb4cacaa20 Exception <a 'java/lang/NoClassDefFoundError'{0x000000008146dcb8}: org/flywaydb/core/Flyway> (0x000000008146dcb8) 
thrown [s\src\hotspot\share\oops\constantPool.cpp, line 835]
Event: 257150.679 Thread 0x000001bb4cacaa20 Exception <a 'java/lang/NoClassDefFoundError'{0x000000008146e308}: liquibase/integration/spring/SpringLiquibase> (0x000000008146e308) 
thrown [s\src\hotspot\share\oops\constantPool.cpp, line 835]
Event: 257150.688 Thread 0x000001bb4cacaa20 Implicit null exception at 0x000001bb3b78bdb4 to 0x000001bb3b78f08c
Event: 257150.799 Thread 0x000001bb4cacaa20 Exception <a 'sun/nio/fs/WindowsException'{0x0000000082052bd8}> (0x0000000082052bd8) 
thrown [s\src\hotspot\share\prims\jni.cpp, line 516]
Event: 257150.800 Thread 0x000001bb4cacaa20 Exception <a 'sun/nio/fs/WindowsException'{0x0000000082053240}> (0x0000000082053240) 
thrown [s\src\hotspot\share\prims\jni.cpp, line 516]
Event: 257150.800 Thread 0x000001bb4cacaa20 Exception <a 'sun/nio/fs/WindowsException'{0x0000000082053918}> (0x0000000082053918) 
thrown [s\src\hotspot\share\prims\jni.cpp, line 516]

VM Operations (20 events):
Event: 257118.960 Executing VM operation: G1CollectFull
Event: 257119.096 Executing VM operation: G1CollectFull done
Event: 257120.123 Executing VM operation: Cleanup
Event: 257120.123 Executing VM operation: Cleanup done
Event: 257121.135 Executing VM operation: Cleanup
Event: 257121.135 Executing VM operation: Cleanup done
Event: 257121.535 Executing VM operation: G1CollectForAllocation
Event: 257125.726 Executing VM operation: G1CollectForAllocation done
Event: 257126.740 Executing VM operation: Cleanup
Event: 257126.740 Executing VM operation: Cleanup done
Event: 257127.742 Executing VM operation: Cleanup
Event: 257127.742 Executing VM operation: Cleanup done
Event: 257150.331 Executing VM operation: G1CollectFull
Event: 257150.380 Executing VM operation: G1CollectFull done
Event: 257150.688 Executing VM operation: HandshakeAllThreads
Event: 257150.689 Executing VM operation: HandshakeAllThreads done
Event: 257150.763 Executing VM operation: G1CollectForAllocation
Event: 257150.768 Executing VM operation: G1CollectForAllocation done
Event: 257150.769 Executing VM operation: HandshakeAllThreads
Event: 257150.771 Executing VM operation: HandshakeAllThreads done

Events (20 events):
Event: 257150.778 Thread 0x000001bb4a870770 flushing nmethod 0x000001bb34480a10
Event: 257150.778 Thread 0x000001bb4a870770 flushing nmethod 0x000001bb34484d90
Event: 257150.778 Thread 0x000001bb4a870770 flushing nmethod 0x000001bb34492590
Event: 257150.778 Thread 0x000001bb4a870770 flushing nmethod 0x000001bb344a2a10
Event: 257150.779 Thread 0x000001bb4a870770 flushing nmethod 0x000001bb344b9290
Event: 257150.779 Thread 0x000001bb4a870770 flushing nmethod 0x000001bb344b9a90
Event: 257150.779 Thread 0x000001bb4a870770 flushing nmethod 0x000001bb344ca090
Event: 257150.779 Thread 0x000001bb4a870770 flushing nmethod 0x000001bb344f7e90
Event: 257150.779 Thread 0x000001bb4a870770 flushing nmethod 0x000001bb344fca10
Event: 257150.779 Thread 0x000001bb4a870770 flushing nmethod 0x000001bb34500010
Event: 257150.779 Thread 0x000001bb4a870770 flushing nmethod 0x000001bb34506110
Event: 257150.779 Thread 0x000001bb4a870770 flushing nmethod 0x000001bb34513e90
Event: 257150.779 Thread 0x000001bb4a870770 flushing nmethod 0x000001bb34517390
Event: 257150.779 Thread 0x000001bb4a870770 flushing nmethod 0x000001bb3452c490
Event: 257150.779 Thread 0x000001bb4a870770 flushing nmethod 0x000001bb34539e10
Event: 257150.779 Thread 0x000001bb4a870770 flushing nmethod 0x000001bb3453e010
Event: 257150.779 Thread 0x000001bb4a870770 flushing nmethod 0x000001bb345abf10
Event: 257150.780 Thread 0x000001bb4a870770 flushing nmethod 0x000001bb345fe290
Event: 257150.780 Thread 0x000001bb4a870770 flushing nmethod 0x000001bb3460d390
Event: 257150.780 Thread 0x000001bb4a870770 flushing nmethod 0x000001bb34642c10


Dynamic libraries:
0x00007ff7c2a60000 - 0x00007ff7c2a6e000 	C:\Users\sfjbs\Downloads\node-20220823T055411Z-00100\node\sts-4.15.3.RELEASE\plugins\org.eclipse.justj.openjdk.hotspot.jre.full.win32.x86_64_17.0.4.v20220805-1047\jre\bin\javaw.exe
0x00007fffc2870000 - 0x00007fffc2a68000 	C:\Windows\SYSTEM32\ntdll.dll
0x00007fffc21b0000 - 0x00007fffc226d000 	C:\Windows\System32\KERNEL32.DLL
0x00007fffc03b0000 - 0x00007fffc067e000 	C:\Windows\System32\KERNELBASE.dll
0x00007fffc0130000 - 0x00007fffc0230000 	C:\Windows\System32\ucrtbase.dll
0x00007fffa6c10000 - 0x00007fffa6c28000 	C:\Users\sfjbs\Downloads\node-20220823T055411Z-00100\node\sts-4.15.3.RELEASE\plugins\org.eclipse.justj.openjdk.hotspot.jre.full.win32.x86_64_17.0.4.v20220805-1047\jre\bin\jli.dll
0x00007fffc1d60000 - 0x00007fffc1f00000 	C:\Windows\System32\USER32.dll
0x00007fffbff90000 - 0x00007fffbffb2000 	C:\Windows\System32\win32u.dll
0x00007fffc2180000 - 0x00007fffc21aa000 	C:\Windows\System32\GDI32.dll
0x00007fffc02a0000 - 0x00007fffc03ab000 	C:\Windows\System32\gdi32full.dll
0x00007fffc07e0000 - 0x00007fffc087d000 	C:\Windows\System32\msvcp_win.dll
0x00007fffa6bf0000 - 0x00007fffa6c09000 	C:\Users\sfjbs\Downloads\node-20220823T055411Z-00100\node\sts-4.15.3.RELEASE\plugins\org.eclipse.justj.openjdk.hotspot.jre.full.win32.x86_64_17.0.4.v20220805-1047\jre\bin\VCRUNTIME140.dll
0x00007fffaaee0000 - 0x00007fffab17a000 	C:\Windows\WinSxS\amd64_microsoft.windows.common-controls_6595b64144ccf1df_6.0.19041.1110_none_60b5254171f9507e\COMCTL32.dll
0x00007fffc2280000 - 0x00007fffc231e000 	C:\Windows\System32\msvcrt.dll
0x00007fffc1f60000 - 0x00007fffc1f90000 	C:\Windows\System32\IMM32.DLL
0x00007fffa6b70000 - 0x00007fffa6b7c000 	C:\Users\sfjbs\Downloads\node-20220823T055411Z-00100\node\sts-4.15.3.RELEASE\plugins\org.eclipse.justj.openjdk.hotspot.jre.full.win32.x86_64_17.0.4.v20220805-1047\jre\bin\vcruntime140_1.dll
0x00007fffa4830000 - 0x00007fffa48c1000 	C:\Users\sfjbs\Downloads\node-20220823T055411Z-00100\node\sts-4.15.3.RELEASE\plugins\org.eclipse.justj.openjdk.hotspot.jre.full.win32.x86_64_17.0.4.v20220805-1047\jre\bin\msvcp140.dll
0x00007fff6ea40000 - 0x00007fff6f686000 	C:\Users\sfjbs\Downloads\node-20220823T055411Z-00100\node\sts-4.15.3.RELEASE\plugins\org.eclipse.justj.openjdk.hotspot.jre.full.win32.x86_64_17.0.4.v20220805-1047\jre\bin\server\jvm.dll
0x00007fffc24c0000 - 0x00007fffc256e000 	C:\Windows\System32\ADVAPI32.dll
0x00007fffc2020000 - 0x00007fffc20bc000 	C:\Windows\System32\sechost.dll
0x00007fffc1160000 - 0x00007fffc1285000 	C:\Windows\System32\RPCRT4.dll
0x00007fffc2270000 - 0x00007fffc2278000 	C:\Windows\System32\PSAPI.DLL
0x00007fffaddb0000 - 0x00007fffaddb9000 	C:\Windows\SYSTEM32\WSOCK32.dll
0x00007fffc2320000 - 0x00007fffc238b000 	C:\Windows\System32\WS2_32.dll
0x00007fffb0310000 - 0x00007fffb0337000 	C:\Windows\SYSTEM32\WINMM.dll
0x00007fffb8530000 - 0x00007fffb853a000 	C:\Windows\SYSTEM32\VERSION.dll
0x00007fffbde60000 - 0x00007fffbde72000 	C:\Windows\SYSTEM32\kernel.appcore.dll
0x00007fffa6b30000 - 0x00007fffa6b3a000 	C:\Users\sfjbs\Downloads\node-20220823T055411Z-00100\node\sts-4.15.3.RELEASE\plugins\org.eclipse.justj.openjdk.hotspot.jre.full.win32.x86_64_17.0.4.v20220805-1047\jre\bin\jimage.dll
0x00007fffba350000 - 0x00007fffba534000 	C:\Windows\SYSTEM32\DBGHELP.DLL
0x00007fffba320000 - 0x00007fffba34c000 	C:\Windows\SYSTEM32\dbgcore.DLL
0x00007fffc00a0000 - 0x00007fffc0122000 	C:\Windows\System32\bcryptPrimitives.dll
0x00007fff9de90000 - 0x00007fff9deb5000 	C:\Users\sfjbs\Downloads\node-20220823T055411Z-00100\node\sts-4.15.3.RELEASE\plugins\org.eclipse.justj.openjdk.hotspot.jre.full.win32.x86_64_17.0.4.v20220805-1047\jre\bin\java.dll
0x00007fff99020000 - 0x00007fff99038000 	C:\Users\sfjbs\Downloads\node-20220823T055411Z-00100\node\sts-4.15.3.RELEASE\plugins\org.eclipse.justj.openjdk.hotspot.jre.full.win32.x86_64_17.0.4.v20220805-1047\jre\bin\zip.dll
0x00007fffc0930000 - 0x00007fffc1073000 	C:\Windows\System32\SHELL32.dll
0x00007fffbe060000 - 0x00007fffbe7f5000 	C:\Windows\SYSTEM32\windows.storage.dll
0x00007fffc1930000 - 0x00007fffc1c84000 	C:\Windows\System32\combase.dll
0x00007fffbf840000 - 0x00007fffbf870000 	C:\Windows\SYSTEM32\Wldp.dll
0x00007fffc2570000 - 0x00007fffc261d000 	C:\Windows\System32\SHCORE.dll
0x00007fffc2750000 - 0x00007fffc27a5000 	C:\Windows\System32\shlwapi.dll
0x00007fffbfed0000 - 0x00007fffbfeef000 	C:\Windows\SYSTEM32\profapi.dll
0x00007fff99000000 - 0x00007fff99019000 	C:\Users\sfjbs\Downloads\node-20220823T055411Z-00100\node\sts-4.15.3.RELEASE\plugins\org.eclipse.justj.openjdk.hotspot.jre.full.win32.x86_64_17.0.4.v20220805-1047\jre\bin\net.dll
0x00007fffb88b0000 - 0x00007fffb89ba000 	C:\Windows\SYSTEM32\WINHTTP.dll
0x00007fffbf620000 - 0x00007fffbf68a000 	C:\Windows\system32\mswsock.dll
0x00007fff98fe0000 - 0x00007fff98ff5000 	C:\Users\sfjbs\Downloads\node-20220823T055411Z-00100\node\sts-4.15.3.RELEASE\plugins\org.eclipse.justj.openjdk.hotspot.jre.full.win32.x86_64_17.0.4.v20220805-1047\jre\bin\nio.dll
0x00007fffba800000 - 0x00007fffba810000 	C:\Users\sfjbs\Downloads\node-20220823T055411Z-00100\node\sts-4.15.3.RELEASE\plugins\org.eclipse.justj.openjdk.hotspot.jre.full.win32.x86_64_17.0.4.v20220805-1047\jre\bin\verify.dll
0x00007fff9ded0000 - 0x00007fff9ded9000 	C:\Users\sfjbs\Downloads\node-20220823T055411Z-00100\node\sts-4.15.3.RELEASE\plugins\org.eclipse.justj.openjdk.hotspot.jre.full.win32.x86_64_17.0.4.v20220805-1047\jre\bin\management.dll
0x00007fff9dec0000 - 0x00007fff9decb000 	C:\Users\sfjbs\Downloads\node-20220823T055411Z-00100\node\sts-4.15.3.RELEASE\plugins\org.eclipse.justj.openjdk.hotspot.jre.full.win32.x86_64_17.0.4.v20220805-1047\jre\bin\management_ext.dll
0x00007fffb2910000 - 0x00007fffb2927000 	C:\Windows\system32\napinsp.dll
0x00007fffb28f0000 - 0x00007fffb290b000 	C:\Windows\system32\pnrpnsp.dll
0x00007fffb28d0000 - 0x00007fffb28e5000 	C:\Windows\system32\wshbth.dll
0x00007fffba7c0000 - 0x00007fffba7dd000 	C:\Windows\system32\NLAapi.dll
0x00007fffbf330000 - 0x00007fffbf36b000 	C:\Windows\SYSTEM32\IPHLPAPI.DLL
0x00007fffbf3c0000 - 0x00007fffbf48a000 	C:\Windows\SYSTEM32\DNSAPI.dll
0x00007fffc2390000 - 0x00007fffc2398000 	C:\Windows\System32\NSI.dll
0x00007fffadf00000 - 0x00007fffadf12000 	C:\Windows\System32\winrnr.dll
0x00007fffb7ee0000 - 0x00007fffb7eea000 	C:\Windows\System32\rasadhlp.dll
0x00007fffb8b30000 - 0x00007fffb8bb0000 	C:\Windows\System32\fwpuclnt.dll
0x00007fffc0070000 - 0x00007fffc0097000 	C:\Windows\System32\bcrypt.dll
0x00007fffbf880000 - 0x00007fffbf898000 	C:\Windows\SYSTEM32\CRYPTSP.dll
0x00007fffbefc0000 - 0x00007fffbeff4000 	C:\Windows\system32\rsaenh.dll
0x00007fffbfe50000 - 0x00007fffbfe7e000 	C:\Windows\SYSTEM32\USERENV.dll
0x00007fffbf7b0000 - 0x00007fffbf7bc000 	C:\Windows\SYSTEM32\CRYPTBASE.dll
0x00007fffb9f70000 - 0x00007fffb9f87000 	C:\Windows\SYSTEM32\dhcpcsvc6.DLL
0x00007fffb9f10000 - 0x00007fffb9f2d000 	C:\Windows\SYSTEM32\dhcpcsvc.DLL
0x00007fffa6c50000 - 0x00007fffa6c5e000 	C:\Users\sfjbs\Downloads\node-20220823T055411Z-00100\node\sts-4.15.3.RELEASE\plugins\org.eclipse.justj.openjdk.hotspot.jre.full.win32.x86_64_17.0.4.v20220805-1047\jre\bin\sunmscapi.dll
0x00007fffc0680000 - 0x00007fffc07d6000 	C:\Windows\System32\CRYPT32.dll
0x00007fffbf990000 - 0x00007fffbf9b7000 	C:\Windows\SYSTEM32\ncrypt.dll
0x00007fffbf950000 - 0x00007fffbf98b000 	C:\Windows\SYSTEM32\NTASN1.dll
0x00007fffa6c40000 - 0x00007fffa6c47000 	C:\Windows\system32\wshunix.dll

dbghelp: loaded successfully - version: 4.0.5 - missing functions: none
symbol engine: initialized successfully - sym options: 0x614 - pdb path: .;C:\Users\sfjbs\Downloads\node-20220823T055411Z-00100\node\sts-4.15.3.RELEASE\plugins\org.eclipse.justj.openjdk.hotspot.jre.full.win32.x86_64_17.0.4.v20220805-1047\jre\bin;C:\Windows\SYSTEM32;C:\Windows\WinSxS\amd64_microsoft.windows.common-controls_6595b64144ccf1df_6.0.19041.1110_none_60b5254171f9507e;C:\Users\sfjbs\Downloads\node-20220823T055411Z-00100\node\sts-4.15.3.RELEASE\plugins\org.eclipse.justj.openjdk.hotspot.jre.full.win32.x86_64_17.0.4.v20220805-1047\jre\bin\server

VM Arguments:
jvm_args: -Dfile.encoding=UTF-8 -XX:+ShowCodeDetailsInExceptionMessages 
java_command: com.student.app.StudentServiceApplication
java_class_path (initial): D:\Main-Training\StudentService\target\classes;C:\Users\sfjbs\.m2\repository\org\springframework\boot\spring-boot-starter-web\2.7.3\spring-boot-starter-web-2.7.3.jar;C:\Users\sfjbs\.m2\repository\org\springframework\boot\spring-boot-starter-json\2.7.3\spring-boot-starter-json-2.7.3.jar;C:\Users\sfjbs\.m2\repository\com\fasterxml\jackson\core\jackson-databind\2.13.3\jackson-databind-2.13.3.jar;C:\Users\sfjbs\.m2\repository\com\fasterxml\jackson\core\jackson-annotations\2.13.3\jackson-annotations-2.13.3.jar;C:\Users\sfjbs\.m2\repository\com\fasterxml\jackson\core\jackson-core\2.13.3\jackson-core-2.13.3.jar;C:\Users\sfjbs\.m2\repository\com\fasterxml\jackson\datatype\jackson-datatype-jdk8\2.13.3\jackson-datatype-jdk8-2.13.3.jar;C:\Users\sfjbs\.m2\repository\com\fasterxml\jackson\datatype\jackson-datatype-jsr310\2.13.3\jackson-datatype-jsr310-2.13.3.jar;C:\Users\sfjbs\.m2\repository\com\fasterxml\jackson\module\jackson-module-parameter-names\2.13.3\jackson-module-parameter-names-2.13.3.jar;C:\Users\sfjbs\.m2\repository\org\springframework\boot\spring-boot-starter-tomcat\2.7.3\spring-boot-starter-tomcat-2.7.3.jar;C:\Users\sfjbs\.m2\repository\org\apache\tomcat\embed\tomcat-embed-core\9.0.65\tomcat-embed-core-9.0.65.jar;C:\Users\sfjbs\.m2\repository\org\apache\tomcat\embed\tomcat-embed-el\9.0.65\tomcat-embed-el-9.0.65.jar;C:\Users\sfjbs\.m2\repository\org\apache\tomcat\embed\tomcat-embed-websocket\9.0.65\tomcat-embed-websocket-9.0.65.jar;C:\Users\sfjbs\.m2\repository\org\springframework\spring-web\5.3.22\spring-web-5.3.22.jar;C:\Users\sfjbs\.m2\repository\org\springframework\spring-beans\5.3.22\spring-beans-5.3.22.jar;C:\Users\sfjbs\.m2\repository\org\springframework\spring-webmvc\5.3.22\spring-webmvc-5.3.22.jar;C:\Users\sfjbs\.m2\repository\org\springframework\spring-aop\5.3.22\spring-aop-5.3.22.jar;C:\Users\sfjbs\.m2\repository\org\springframework\spring-context\5.3.22\spring-context-5.3.22.jar;C:\Users\sfjbs\.m2\repository\org\springframewo
Launcher Type: SUN_STANDARD

[Global flags]
     intx CICompilerCount                          = 2                                         {product} {ergonomic}
     uint ConcGCThreads                            = 1                                         {product} {ergonomic}
     uint G1ConcRefinementThreads                  = 2                                         {product} {ergonomic}
   size_t G1HeapRegionSize                         = 1048576                                   {product} {ergonomic}
    uintx GCDrainStackTargetSize                   = 64                                        {product} {ergonomic}
   size_t InitialHeapSize                          = 134217728                                 {product} {ergonomic}
   size_t MarkStackSize                            = 4194304                                   {product} {ergonomic}
   size_t MaxHeapSize                              = 2147483648                                {product} {ergonomic}
   size_t MaxNewSize                               = 1287651328                                {product} {ergonomic}
   size_t MinHeapDeltaBytes                        = 1048576                                   {product} {ergonomic}
   size_t MinHeapSize                              = 8388608                                   {product} {ergonomic}
    uintx NonNMethodCodeHeapSize                   = 5826188                                {pd product} {ergonomic}
    uintx NonProfiledCodeHeapSize                  = 122916026                              {pd product} {ergonomic}
    uintx ProfiledCodeHeapSize                     = 122916026                              {pd product} {ergonomic}
    uintx ReservedCodeCacheSize                    = 251658240                              {pd product} {ergonomic}
     bool SegmentedCodeCache                       = true                                      {product} {ergonomic}
     bool ShowCodeDetailsInExceptionMessages       = true                                   {manageable} {command line}
   size_t SoftMaxHeapSize                          = 2147483648                             {manageable} {ergonomic}
     bool UseCompressedClassPointers               = true                           {product lp64_product} {ergonomic}
     bool UseCompressedOops                        = true                           {product lp64_product} {ergonomic}
     bool UseG1GC                                  = true                                      {product} {ergonomic}
     bool UseLargePagesIndividualAllocation        = false                                  {pd product} {ergonomic}

Logging:
Log output configuration:
 #0: stdout all=warning uptime,level,tags
 #1: stderr all=off uptime,level,tags

Environment Variables:
PATH=C:/Users/sfjbs/Downloads/node-20220823T055411Z-00100/node/sts-4.15.3.RELEASE//plugins/org.eclipse.justj.openjdk.hotspot.jre.full.win32.x86_64_17.0.4.v20220805-1047/jre/bin/server;C:/Users/sfjbs/Downloads/node-20220823T055411Z-00100/node/sts-4.15.3.RELEASE//plugins/org.eclipse.justj.openjdk.hotspot.jre.full.win32.x86_64_17.0.4.v20220805-1047/jre/bin;C:\Program Files\Common Files\Oracle\Java\javapath;C:\Windows\system32;C:\Windows;C:\Windows\System32\Wbem;C:\Windows\System32\WindowsPowerShell\v1.0\;C:\Windows\System32\OpenSSH\;C:\Program Files\Git\cmd;C:\Program Files\nodejs\;C:\Program Files\Docker\Docker\resources\bin;C:\ProgramData\DockerDesktop\version-bin;C:\Program Files\MongoDB\Server\4.4\bin;C:\Users\sfjbs\AppData\Local\Microsoft\WindowsApps;;C:\Users\sfjbs\AppData\Local\Programs\Microsoft VS Code\bin;C:\Users\sfjbs\AppData\Roaming\npm;C:\Users\sfjbs\Downloads\node-20220823T055411Z-00100\node\sts-4.15.3.RELEASE;
USERNAME=sfjbs
OS=Windows_NT
PROCESSOR_IDENTIFIER=Intel64 Family 6 Model 85 Stepping 7, GenuineIntel
TMP=C:\Users\sfjbs\AppData\Local\Temp
TEMP=C:\Users\sfjbs\AppData\Local\Temp



---------------  S Y S T E M  ---------------

OS:
 Windows 10 , 64 bit Build 19041 (10.0.19041.1889)
OS uptime: 4 days 1:56 hours
Hyper-V role detected

CPU: total 2 (initial active 2) (1 cores per cpu, 2 threads per core) family 6 model 85 stepping 7 microcode 0xffffffff, cx8, cmov, fxsr, ht, mmx, 3dnowpref, sse, sse2, sse3, ssse3, sse4.1, sse4.2, popcnt, lzcnt, tsc, avx, avx2, aes, erms, clmul, bmi1, bmi2, rtm, adx, avx512f, avx512dq, avx512cd, avx512bw, avx512vl, fma, vzeroupper, clflush, clflushopt, hv

Memory: 4k page, system-wide physical 8190M (853M free)
TotalPageFile size 10238M (AvailPageFile size 4M)
current process WorkingSet (physical memory assigned to process): 134M, peak: 177M
current process commit charge ("private bytes"): 171M, peak: 234M

vm_info: OpenJDK 64-Bit Server VM (17.0.4+8) for windows-amd64 JRE (17.0.4+8), built on Jul 19 2022 16:05:16 by "temurin" with MS VC++ 16.7 (VS2019)

END.
